<?xml version="1.0" encoding="UTF-8"?>
<!-- Generated by org.testng.reporters.JUnitReportReporter -->
<testsuite skipped="0" hostname="T44-05-AD" name="org.example.Runners.TestRunner" tests="13" failures="0" timestamp="2023-01-24T15:38:33 EET" time="129.179" errors="0">
  <testcase name="runScenario" time="9.779" classname="org.example.Runners.TestRunner"/>
  <system-out/>
  <testcase name="runScenario" time="11.117" classname="org.example.Runners.TestRunner"/>
  <system-out/>
  <testcase name="runScenario" time="7.691" classname="org.example.Runners.TestRunner"/>
  <system-out/>
  <testcase name="runScenario" time="21.935" classname="org.example.Runners.TestRunner"/>
  <system-out/>
  <testcase name="runScenario" time="8.301" classname="org.example.Runners.TestRunner"/>
  <system-out/>
  <testcase name="runScenario" time="8.058" classname="org.example.Runners.TestRunner"/>
  <system-out/>
  <testcase name="runScenario" time="9.049" classname="org.example.Runners.TestRunner"/>
  <system-out/>
  <testcase name="runScenario" time="7.096" classname="org.example.Runners.TestRunner"/>
  <system-out/>
  <testcase name="runScenario" time="9.759" classname="org.example.Runners.TestRunner"/>
  <system-out/>
  <testcase name="runScenario" time="8.114" classname="org.example.Runners.TestRunner"/>
  <system-out/>
  <testcase name="runScenario" time="6.785" classname="org.example.Runners.TestRunner"/>
  <system-out/>
  <testcase name="runScenario" time="14.178" classname="org.example.Runners.TestRunner"/>
  <system-out/>
  <testcase name="runScenario" time="7.317" classname="org.example.Runners.TestRunner"/>
  <system-out/>
</testsuite> <!-- org.example.Runners.TestRunner -->
