<?xml version="1.0" encoding="UTF-8"?>
<!-- Generated by org.testng.reporters.JUnitReportReporter -->
<testsuite skipped="0" hostname="MAF" name="org.example.Runners.TestRunner" tests="10" failures="0" timestamp="2023-01-23T01:25:55 EET" time="126.031" errors="0">
  <testcase name="runScenario" time="11.927" classname="org.example.Runners.TestRunner"/>
  <system-out/>
  <testcase name="runScenario" time="10.068" classname="org.example.Runners.TestRunner"/>
  <system-out/>
  <testcase name="runScenario" time="9.482" classname="org.example.Runners.TestRunner"/>
  <system-out/>
  <testcase name="runScenario" time="12.699" classname="org.example.Runners.TestRunner"/>
  <system-out/>
  <testcase name="runScenario" time="12.080" classname="org.example.Runners.TestRunner"/>
  <system-out/>
  <testcase name="runScenario" time="10.276" classname="org.example.Runners.TestRunner"/>
  <system-out/>
  <testcase name="runScenario" time="23.681" classname="org.example.Runners.TestRunner"/>
  <system-out/>
  <testcase name="runScenario" time="10.734" classname="org.example.Runners.TestRunner"/>
  <system-out/>
  <testcase name="runScenario" time="10.138" classname="org.example.Runners.TestRunner"/>
  <system-out/>
  <testcase name="runScenario" time="14.946" classname="org.example.Runners.TestRunner"/>
  <system-out/>
</testsuite> <!-- org.example.Runners.TestRunner -->
